[0.759s] Invoking command in '/home/porizou/ros2_ws/src/lightrover_ros2': PYTHONPATH=/home/porizou/ros2_ws/src/lightrover_ros2/install/lightrover_ros2/lib/python3.10/site-packages:${PYTHONPATH} /usr/bin/python3 setup.py egg_info --egg-base build/lightrover_ros2 build --build-base /home/porizou/ros2_ws/src/lightrover_ros2/build/lightrover_ros2/build install --prefix /home/porizou/ros2_ws/src/lightrover_ros2/install/lightrover_ros2 --record /home/porizou/ros2_ws/src/lightrover_ros2/build/lightrover_ros2/install.log --single-version-externally-managed
[1.091s] running egg_info
[1.092s] creating build/lightrover_ros2/lightrover_ros2.egg-info
[1.092s] writing build/lightrover_ros2/lightrover_ros2.egg-info/PKG-INFO
[1.092s] writing dependency_links to build/lightrover_ros2/lightrover_ros2.egg-info/dependency_links.txt
[1.092s] writing entry points to build/lightrover_ros2/lightrover_ros2.egg-info/entry_points.txt
[1.092s] writing requirements to build/lightrover_ros2/lightrover_ros2.egg-info/requires.txt
[1.093s] writing top-level names to build/lightrover_ros2/lightrover_ros2.egg-info/top_level.txt
[1.093s] writing manifest file 'build/lightrover_ros2/lightrover_ros2.egg-info/SOURCES.txt'
[1.095s] reading manifest file 'build/lightrover_ros2/lightrover_ros2.egg-info/SOURCES.txt'
[1.096s] writing manifest file 'build/lightrover_ros2/lightrover_ros2.egg-info/SOURCES.txt'
[1.096s] running build
[1.096s] running build_py
[1.096s] creating /home/porizou/ros2_ws/src/lightrover_ros2/build/lightrover_ros2/build
[1.096s] creating /home/porizou/ros2_ws/src/lightrover_ros2/build/lightrover_ros2/build/lib
[1.096s] creating /home/porizou/ros2_ws/src/lightrover_ros2/build/lightrover_ros2/build/lib/lightrover_ros2
[1.097s] copying lightrover_ros2/__init__.py -> /home/porizou/ros2_ws/src/lightrover_ros2/build/lightrover_ros2/build/lib/lightrover_ros2
[1.097s] running install
[1.097s] /usr/lib/python3/dist-packages/setuptools/command/install.py:34: SetuptoolsDeprecationWarning: setup.py install is deprecated. Use build and pip and other standards-based tools.
[1.097s]   warnings.warn(
[1.097s] running install_lib
[1.098s] creating /home/porizou/ros2_ws/src/lightrover_ros2/install/lightrover_ros2/lib/python3.10/site-packages/lightrover_ros2
[1.098s] copying /home/porizou/ros2_ws/src/lightrover_ros2/build/lightrover_ros2/build/lib/lightrover_ros2/__init__.py -> /home/porizou/ros2_ws/src/lightrover_ros2/install/lightrover_ros2/lib/python3.10/site-packages/lightrover_ros2
[1.099s] byte-compiling /home/porizou/ros2_ws/src/lightrover_ros2/install/lightrover_ros2/lib/python3.10/site-packages/lightrover_ros2/__init__.py to __init__.cpython-310.pyc
[1.099s] running install_data
[1.100s] creating /home/porizou/ros2_ws/src/lightrover_ros2/install/lightrover_ros2/share/ament_index
[1.100s] creating /home/porizou/ros2_ws/src/lightrover_ros2/install/lightrover_ros2/share/ament_index/resource_index
[1.100s] creating /home/porizou/ros2_ws/src/lightrover_ros2/install/lightrover_ros2/share/ament_index/resource_index/packages
[1.100s] copying resource/lightrover_ros2 -> /home/porizou/ros2_ws/src/lightrover_ros2/install/lightrover_ros2/share/ament_index/resource_index/packages
[1.100s] copying package.xml -> /home/porizou/ros2_ws/src/lightrover_ros2/install/lightrover_ros2/share/lightrover_ros2
[1.100s] running install_egg_info
[1.102s] Copying build/lightrover_ros2/lightrover_ros2.egg-info to /home/porizou/ros2_ws/src/lightrover_ros2/install/lightrover_ros2/lib/python3.10/site-packages/lightrover_ros2-0.0.0-py3.10.egg-info
[1.103s] running install_scripts
[1.131s] writing list of installed files to '/home/porizou/ros2_ws/src/lightrover_ros2/build/lightrover_ros2/install.log'
[1.179s] Invoked command in '/home/porizou/ros2_ws/src/lightrover_ros2' returned '0': PYTHONPATH=/home/porizou/ros2_ws/src/lightrover_ros2/install/lightrover_ros2/lib/python3.10/site-packages:${PYTHONPATH} /usr/bin/python3 setup.py egg_info --egg-base build/lightrover_ros2 build --build-base /home/porizou/ros2_ws/src/lightrover_ros2/build/lightrover_ros2/build install --prefix /home/porizou/ros2_ws/src/lightrover_ros2/install/lightrover_ros2 --record /home/porizou/ros2_ws/src/lightrover_ros2/build/lightrover_ros2/install.log --single-version-externally-managed
