[0.312s] DEBUG:colcon:Command line arguments: ['/usr/bin/colcon', 'build']
[0.312s] DEBUG:colcon:Parsed command line arguments: Namespace(log_base=None, log_level=None, verb_name='build', build_base='build', install_base='install', merge_install=False, symlink_install=False, test_result_base=None, continue_on_error=False, executor='parallel', parallel_workers=8, event_handlers=None, ignore_user_meta=False, metas=['./colcon.meta'], base_paths=['.'], packages_ignore=None, packages_ignore_regex=None, paths=None, packages_up_to=None, packages_up_to_regex=None, packages_above=None, packages_above_and_dependencies=None, packages_above_depth=None, packages_select_by_dep=None, packages_skip_by_dep=None, packages_skip_up_to=None, packages_select_build_failed=False, packages_skip_build_finished=False, packages_select_test_failures=False, packages_skip_test_passed=False, packages_select=None, packages_skip=None, packages_select_regex=None, packages_skip_regex=None, packages_start=None, packages_end=None, allow_overriding=[], cmake_args=None, cmake_target=None, cmake_target_skip_unavailable=False, cmake_clean_cache=False, cmake_clean_first=False, cmake_force_configure=False, ament_cmake_args=None, catkin_cmake_args=None, catkin_skip_building_tests=False, verb_parser=<colcon_defaults.argument_parser.defaults.DefaultArgumentsDecorator object at 0x7f706636eef0>, verb_extension=<colcon_core.verb.build.BuildVerb object at 0x7f7066d280a0>, main=<bound method BuildVerb.main of <colcon_core.verb.build.BuildVerb object at 0x7f7066d280a0>>)
[0.338s] Level 1:colcon.colcon_core.package_discovery:discover_packages(colcon_meta) check parameters
[0.338s] Level 1:colcon.colcon_core.package_discovery:discover_packages(recursive) check parameters
[0.338s] Level 1:colcon.colcon_core.package_discovery:discover_packages(ignore) check parameters
[0.338s] Level 1:colcon.colcon_core.package_discovery:discover_packages(path) check parameters
[0.338s] Level 1:colcon.colcon_core.package_discovery:discover_packages(colcon_meta) discover
[0.338s] Level 1:colcon.colcon_core.package_discovery:discover_packages(recursive) discover
[0.338s] INFO:colcon.colcon_core.package_discovery:Crawling recursively for packages in '/home/porizou/ros2_ws/src/lightrover_ros2'
[0.338s] Level 1:colcon.colcon_core.package_identification:_identify(.) by extensions ['ignore', 'ignore_ament_install']
[0.338s] Level 1:colcon.colcon_core.package_identification:_identify(.) by extension 'ignore'
[0.338s] Level 1:colcon.colcon_core.package_identification:_identify(.) by extension 'ignore_ament_install'
[0.338s] Level 1:colcon.colcon_core.package_identification:_identify(.) by extensions ['colcon_pkg']
[0.338s] Level 1:colcon.colcon_core.package_identification:_identify(.) by extension 'colcon_pkg'
[0.339s] Level 1:colcon.colcon_core.package_identification:_identify(.) by extensions ['colcon_meta']
[0.339s] Level 1:colcon.colcon_core.package_identification:_identify(.) by extension 'colcon_meta'
[0.339s] Level 1:colcon.colcon_core.package_identification:_identify(.) by extensions ['ros']
[0.339s] Level 1:colcon.colcon_core.package_identification:_identify(.) by extension 'ros'
[0.365s] DEBUG:colcon.colcon_core.package_identification:Package '.' with type 'ros.ament_python' and name 'lightrover_ros2'
[0.365s] Level 1:colcon.colcon_core.package_discovery:discover_packages(recursive) using defaults
[0.365s] Level 1:colcon.colcon_core.package_discovery:discover_packages(ignore) discover
[0.365s] Level 1:colcon.colcon_core.package_discovery:discover_packages(ignore) using defaults
[0.365s] Level 1:colcon.colcon_core.package_discovery:discover_packages(path) discover
[0.365s] Level 1:colcon.colcon_core.package_discovery:discover_packages(path) using defaults
[0.389s] Level 1:colcon.colcon_core.package_discovery:discover_packages(prefix_path) check parameters
[0.389s] Level 1:colcon.colcon_core.package_discovery:discover_packages(prefix_path) discover
[0.392s] DEBUG:colcon.colcon_installed_package_information.package_discovery:Found 9 installed packages in /home/porizou/ros2_ws/install
[0.394s] DEBUG:colcon.colcon_installed_package_information.package_discovery:Found 359 installed packages in /opt/ros/humble
[0.397s] Level 1:colcon.colcon_core.package_discovery:discover_packages(prefix_path) using defaults
[0.476s] Level 5:colcon.colcon_core.verb:set package 'lightrover_ros2' build argument 'cmake_args' from command line to 'None'
[0.476s] Level 5:colcon.colcon_core.verb:set package 'lightrover_ros2' build argument 'cmake_target' from command line to 'None'
[0.476s] Level 5:colcon.colcon_core.verb:set package 'lightrover_ros2' build argument 'cmake_target_skip_unavailable' from command line to 'False'
[0.476s] Level 5:colcon.colcon_core.verb:set package 'lightrover_ros2' build argument 'cmake_clean_cache' from command line to 'False'
[0.476s] Level 5:colcon.colcon_core.verb:set package 'lightrover_ros2' build argument 'cmake_clean_first' from command line to 'False'
[0.476s] Level 5:colcon.colcon_core.verb:set package 'lightrover_ros2' build argument 'cmake_force_configure' from command line to 'False'
[0.476s] Level 5:colcon.colcon_core.verb:set package 'lightrover_ros2' build argument 'ament_cmake_args' from command line to 'None'
[0.476s] Level 5:colcon.colcon_core.verb:set package 'lightrover_ros2' build argument 'catkin_cmake_args' from command line to 'None'
[0.476s] Level 5:colcon.colcon_core.verb:set package 'lightrover_ros2' build argument 'catkin_skip_building_tests' from command line to 'False'
[0.476s] DEBUG:colcon.colcon_core.verb:Building package 'lightrover_ros2' with the following arguments: {'ament_cmake_args': None, 'build_base': '/home/porizou/ros2_ws/src/lightrover_ros2/build/lightrover_ros2', 'catkin_cmake_args': None, 'catkin_skip_building_tests': False, 'cmake_args': None, 'cmake_clean_cache': False, 'cmake_clean_first': False, 'cmake_force_configure': False, 'cmake_target': None, 'cmake_target_skip_unavailable': False, 'install_base': '/home/porizou/ros2_ws/src/lightrover_ros2/install/lightrover_ros2', 'merge_install': False, 'path': '/home/porizou/ros2_ws/src/lightrover_ros2', 'symlink_install': False, 'test_result_base': None}
[0.477s] INFO:colcon.colcon_core.executor:Executing jobs using 'parallel' executor
[0.481s] DEBUG:colcon.colcon_parallel_executor.executor.parallel:run_until_complete
[0.481s] INFO:colcon.colcon_ros.task.ament_python.build:Building ROS package in '/home/porizou/ros2_ws/src/lightrover_ros2' with build type 'ament_python'
[0.481s] Level 1:colcon.colcon_core.shell:create_environment_hook('lightrover_ros2', 'ament_prefix_path')
[0.486s] INFO:colcon.colcon_core.plugin_system:Skipping extension 'colcon_core.shell.bat': Not used on non-Windows systems
[0.486s] INFO:colcon.colcon_core.shell:Creating environment hook '/home/porizou/ros2_ws/src/lightrover_ros2/install/lightrover_ros2/share/lightrover_ros2/hook/ament_prefix_path.ps1'
[0.487s] INFO:colcon.colcon_core.shell:Creating environment descriptor '/home/porizou/ros2_ws/src/lightrover_ros2/install/lightrover_ros2/share/lightrover_ros2/hook/ament_prefix_path.dsv'
[0.488s] INFO:colcon.colcon_core.shell:Creating environment hook '/home/porizou/ros2_ws/src/lightrover_ros2/install/lightrover_ros2/share/lightrover_ros2/hook/ament_prefix_path.sh'
[0.489s] INFO:colcon.colcon_core.shell:Skip shell extension 'powershell' for command environment: Not usable outside of PowerShell
[0.489s] DEBUG:colcon.colcon_core.shell:Skip shell extension 'dsv' for command environment
[0.783s] INFO:colcon.colcon_core.task.python.build:Building Python package in '/home/porizou/ros2_ws/src/lightrover_ros2'
[0.786s] INFO:colcon.colcon_core.shell:Skip shell extension 'powershell' for command environment: Not usable outside of PowerShell
[0.787s] DEBUG:colcon.colcon_core.shell:Skip shell extension 'dsv' for command environment
[1.242s] DEBUG:colcon.colcon_core.event_handler.log_command:Invoking command in '/home/porizou/ros2_ws/src/lightrover_ros2': PYTHONPATH=/home/porizou/ros2_ws/src/lightrover_ros2/install/lightrover_ros2/lib/python3.10/site-packages:${PYTHONPATH} /usr/bin/python3 setup.py egg_info --egg-base build/lightrover_ros2 build --build-base /home/porizou/ros2_ws/src/lightrover_ros2/build/lightrover_ros2/build install --prefix /home/porizou/ros2_ws/src/lightrover_ros2/install/lightrover_ros2 --record /home/porizou/ros2_ws/src/lightrover_ros2/build/lightrover_ros2/install.log --single-version-externally-managed
[1.663s] DEBUG:colcon.colcon_core.event_handler.log_command:Invoked command in '/home/porizou/ros2_ws/src/lightrover_ros2' returned '0': PYTHONPATH=/home/porizou/ros2_ws/src/lightrover_ros2/install/lightrover_ros2/lib/python3.10/site-packages:${PYTHONPATH} /usr/bin/python3 setup.py egg_info --egg-base build/lightrover_ros2 build --build-base /home/porizou/ros2_ws/src/lightrover_ros2/build/lightrover_ros2/build install --prefix /home/porizou/ros2_ws/src/lightrover_ros2/install/lightrover_ros2 --record /home/porizou/ros2_ws/src/lightrover_ros2/build/lightrover_ros2/install.log --single-version-externally-managed
[1.671s] Level 1:colcon.colcon_core.environment:checking '/home/porizou/ros2_ws/src/lightrover_ros2/install/lightrover_ros2' for CMake module files
[1.672s] Level 1:colcon.colcon_core.environment:checking '/home/porizou/ros2_ws/src/lightrover_ros2/install/lightrover_ros2' for CMake config files
[1.673s] Level 1:colcon.colcon_core.environment:checking '/home/porizou/ros2_ws/src/lightrover_ros2/install/lightrover_ros2/lib'
[1.673s] Level 1:colcon.colcon_core.environment:checking '/home/porizou/ros2_ws/src/lightrover_ros2/install/lightrover_ros2/bin'
[1.673s] Level 1:colcon.colcon_core.environment:checking '/home/porizou/ros2_ws/src/lightrover_ros2/install/lightrover_ros2/lib/pkgconfig/lightrover_ros2.pc'
[1.674s] Level 1:colcon.colcon_core.environment:checking '/home/porizou/ros2_ws/src/lightrover_ros2/install/lightrover_ros2/lib/python3.10/site-packages'
[1.674s] Level 1:colcon.colcon_core.shell:create_environment_hook('lightrover_ros2', 'pythonpath')
[1.676s] INFO:colcon.colcon_core.shell:Creating environment hook '/home/porizou/ros2_ws/src/lightrover_ros2/install/lightrover_ros2/share/lightrover_ros2/hook/pythonpath.ps1'
[1.677s] INFO:colcon.colcon_core.shell:Creating environment descriptor '/home/porizou/ros2_ws/src/lightrover_ros2/install/lightrover_ros2/share/lightrover_ros2/hook/pythonpath.dsv'
[1.677s] INFO:colcon.colcon_core.shell:Creating environment hook '/home/porizou/ros2_ws/src/lightrover_ros2/install/lightrover_ros2/share/lightrover_ros2/hook/pythonpath.sh'
[1.678s] Level 1:colcon.colcon_core.environment:checking '/home/porizou/ros2_ws/src/lightrover_ros2/install/lightrover_ros2/bin'
[1.678s] Level 1:colcon.colcon_core.environment:create_environment_scripts_only(lightrover_ros2)
[1.680s] INFO:colcon.colcon_core.shell:Creating package script '/home/porizou/ros2_ws/src/lightrover_ros2/install/lightrover_ros2/share/lightrover_ros2/package.ps1'
[1.682s] INFO:colcon.colcon_core.shell:Creating package descriptor '/home/porizou/ros2_ws/src/lightrover_ros2/install/lightrover_ros2/share/lightrover_ros2/package.dsv'
[1.683s] INFO:colcon.colcon_core.shell:Creating package script '/home/porizou/ros2_ws/src/lightrover_ros2/install/lightrover_ros2/share/lightrover_ros2/package.sh'
[1.684s] INFO:colcon.colcon_core.shell:Creating package script '/home/porizou/ros2_ws/src/lightrover_ros2/install/lightrover_ros2/share/lightrover_ros2/package.bash'
[1.686s] INFO:colcon.colcon_core.shell:Creating package script '/home/porizou/ros2_ws/src/lightrover_ros2/install/lightrover_ros2/share/lightrover_ros2/package.zsh'
[1.687s] Level 1:colcon.colcon_core.environment:create_file_with_runtime_dependencies(/home/porizou/ros2_ws/src/lightrover_ros2/install/lightrover_ros2/share/colcon-core/packages/lightrover_ros2)
[1.687s] DEBUG:colcon.colcon_parallel_executor.executor.parallel:closing loop
[1.687s] DEBUG:colcon.colcon_parallel_executor.executor.parallel:loop closed
[1.688s] DEBUG:colcon.colcon_parallel_executor.executor.parallel:run_until_complete finished with '0'
[1.688s] DEBUG:colcon.colcon_core.event_reactor:joining thread
[1.706s] INFO:colcon.colcon_core.plugin_system:Skipping extension 'colcon_notification.desktop_notification.terminal_notifier': Not used on non-Darwin systems
[1.706s] INFO:colcon.colcon_core.plugin_system:Skipping extension 'colcon_notification.desktop_notification.win32': Not used on non-Windows systems
[1.706s] INFO:colcon.colcon_notification.desktop_notification:Sending desktop notification using 'notify2'
[1.731s] DEBUG:colcon.colcon_core.event_reactor:joined thread
[1.733s] INFO:colcon.colcon_core.shell:Creating prefix script '/home/porizou/ros2_ws/src/lightrover_ros2/install/local_setup.ps1'
[1.735s] INFO:colcon.colcon_core.shell:Creating prefix util module '/home/porizou/ros2_ws/src/lightrover_ros2/install/_local_setup_util_ps1.py'
[1.738s] INFO:colcon.colcon_core.shell:Creating prefix chain script '/home/porizou/ros2_ws/src/lightrover_ros2/install/setup.ps1'
[1.741s] INFO:colcon.colcon_core.shell:Creating prefix script '/home/porizou/ros2_ws/src/lightrover_ros2/install/local_setup.sh'
[1.742s] INFO:colcon.colcon_core.shell:Creating prefix util module '/home/porizou/ros2_ws/src/lightrover_ros2/install/_local_setup_util_sh.py'
[1.743s] INFO:colcon.colcon_core.shell:Creating prefix chain script '/home/porizou/ros2_ws/src/lightrover_ros2/install/setup.sh'
[1.748s] INFO:colcon.colcon_core.shell:Creating prefix script '/home/porizou/ros2_ws/src/lightrover_ros2/install/local_setup.bash'
[1.749s] INFO:colcon.colcon_core.shell:Creating prefix chain script '/home/porizou/ros2_ws/src/lightrover_ros2/install/setup.bash'
[1.752s] INFO:colcon.colcon_core.shell:Creating prefix script '/home/porizou/ros2_ws/src/lightrover_ros2/install/local_setup.zsh'
[1.753s] INFO:colcon.colcon_core.shell:Creating prefix chain script '/home/porizou/ros2_ws/src/lightrover_ros2/install/setup.zsh'
